<?xml version="1.0" encoding="UTF-8"?>
<!-- Generated by org.testng.reporters.JUnitReportReporter -->
<testsuite hostname="MAVBCP3484" failures="0" tests="1" name="com.selenium.examples.AlertDemo" time="25.960" errors="0" timestamp="2021-10-13T09:45:55 IST" skipped="0">
  <testcase classname="com.selenium.examples.AlertDemo" name="logintest" time="25.960"/>
  <system-out/>
</testsuite> <!-- com.selenium.examples.AlertDemo -->
