<?xml version="1.0" encoding="UTF-8"?>
<!-- Generated by org.testng.reporters.JUnitReportReporter -->
<testsuite skipped="0" hostname="MAVBCP3484" name="com.selenium.examples.AlertDemo" tests="1" failures="0" timestamp="2021-10-13T09:57:15 IST" time="15.693" errors="0">
  <testcase name="logintest" time="15.693" classname="com.selenium.examples.AlertDemo"/>
  <system-out/>
</testsuite> <!-- com.selenium.examples.AlertDemo -->
